Running with 2 processes...
MPI rank 1 out of 2 processes.
MPI rank 0 out of 2 processes.
Simulation complete.
Elapsed time: 19.854005 seconds
-------------------------------
Running with 4 processes...
MPI rank 1 out of 4 processes.
MPI rank 3 out of 4 processes.
MPI rank 2 out of 4 processes.
MPI rank 0 out of 4 processes.
Simulation complete.
Elapsed time: 12.447132 seconds
-------------------------------
Running with 6 processes...
MPI rank 3 out of 6 processes.
MPI rank 1 out of 6 processes.
MPI rank 2 out of 6 processes.
MPI rank 5 out of 6 processes.
MPI rank 0 out of 6 processes.
Simulation complete.
Elapsed time: 13.001136 seconds
MPI rank 4 out of 6 processes.
-------------------------------
Running with 8 processes...
srun: Step created for StepId=10025834.3
MPI rank 3 out of 8 processes.
MPI rank 4 out of 8 processes.
MPI rank 5 out of 8 processes.
MPI rank 6 out of 8 processes.
MPI rank 0 out of 8 processes.
Simulation complete.
Elapsed time: 8.753447 seconds
MPI rank 1 out of 8 processes.
MPI rank 2 out of 8 processes.
MPI rank 7 out of 8 processes.
-------------------------------
Running with 10 processes...
MPI rank 2 out of 10 processes.
MPI rank 8 out of 10 processes.
MPI rank 5 out of 10 processes.
MPI rank 6 out of 10 processes.
MPI rank 7 out of 10 processes.
MPI rank 0 out of 10 processes.
Simulation complete.
Elapsed time: 8.757375 seconds
MPI rank 1 out of 10 processes.
MPI rank 9 out of 10 processes.
MPI rank 3 out of 10 processes.
MPI rank 4 out of 10 processes.
-------------------------------
Running with 12 processes...
MPI rank 2 out of 12 processes.
MPI rank 3 out of 12 processes.
MPI rank 4 out of 12 processes.
MPI rank 6 out of 12 processes.
MPI rank 7 out of 12 processes.
MPI rank 8 out of 12 processes.
MPI rank 9 out of 12 processes.
MPI rank 10 out of 12 processes.
MPI rank 0 out of 12 processes.
Simulation complete.
Elapsed time: 7.688123 seconds
MPI rank 1 out of 12 processes.
MPI rank 5 out of 12 processes.
MPI rank 11 out of 12 processes.
-------------------------------
Running with 14 processes...
MPI rank 2 out of 14 processes.
MPI rank 4 out of 14 processes.
MPI rank 5 out of 14 processes.
MPI rank 6 out of 14 processes.
MPI rank 7 out of 14 processes.
MPI rank 13 out of 14 processes.
MPI rank 1 out of 14 processes.
MPI rank 3 out of 14 processes.
MPI rank 8 out of 14 processes.
MPI rank 9 out of 14 processes.
MPI rank 10 out of 14 processes.
MPI rank 11 out of 14 processes.
MPI rank 12 out of 14 processes.
MPI rank 0 out of 14 processes.
Simulation complete.
Elapsed time: 7.270790 seconds
-------------------------------
Running with 16 processes...
MPI rank 1 out of 16 processes.
MPI rank 4 out of 16 processes.
MPI rank 13 out of 16 processes.
MPI rank 0 out of 16 processes.
Simulation complete.
Elapsed time: 6.963232 seconds
MPI rank 2 out of 16 processes.
MPI rank 3 out of 16 processes.
MPI rank 5 out of 16 processes.
MPI rank 6 out of 16 processes.
MPI rank 7 out of 16 processes.
MPI rank 8 out of 16 processes.
MPI rank 9 out of 16 processes.
MPI rank 10 out of 16 processes.
MPI rank 11 out of 16 processes.
MPI rank 12 out of 16 processes.
MPI rank 15 out of 16 processes.
MPI rank 14 out of 16 processes.
-------------------------------
Running with 18 processes...
MPI rank 16 out of 18 processes.
MPI rank 0 out of 18 processes.
Simulation complete.
Elapsed time: 6.930599 seconds
MPI rank 1 out of 18 processes.
MPI rank 5 out of 18 processes.
MPI rank 13 out of 18 processes.
MPI rank 15 out of 18 processes.
MPI rank 3 out of 18 processes.
MPI rank 4 out of 18 processes.
MPI rank 7 out of 18 processes.
MPI rank 8 out of 18 processes.
MPI rank 9 out of 18 processes.
MPI rank 10 out of 18 processes.
MPI rank 12 out of 18 processes.
MPI rank 14 out of 18 processes.
MPI rank 17 out of 18 processes.
MPI rank 2 out of 18 processes.
MPI rank 11 out of 18 processes.
MPI rank 6 out of 18 processes.
-------------------------------
Running with 20 processes...
MPI rank 7 out of 20 processes.
MPI rank 5 out of 20 processes.
MPI rank 11 out of 20 processes.
MPI rank 17 out of 20 processes.
MPI rank 19 out of 20 processes.
MPI rank 0 out of 20 processes.
Simulation complete.
Elapsed time: 6.715310 seconds
MPI rank 1 out of 20 processes.
MPI rank 2 out of 20 processes.
MPI rank 3 out of 20 processes.
MPI rank 4 out of 20 processes.
MPI rank 6 out of 20 processes.
MPI rank 8 out of 20 processes.
MPI rank 12 out of 20 processes.
MPI rank 13 out of 20 processes.
MPI rank 14 out of 20 processes.
MPI rank 15 out of 20 processes.
MPI rank 16 out of 20 processes.
MPI rank 9 out of 20 processes.
MPI rank 10 out of 20 processes.
MPI rank 18 out of 20 processes.
-------------------------------
Running with 22 processes...
MPI rank 4 out of 22 processes.
MPI rank 19 out of 22 processes.
MPI rank 9 out of 22 processes.
MPI rank 15 out of 22 processes.
MPI rank 16 out of 22 processes.
MPI rank 2 out of 22 processes.
MPI rank 3 out of 22 processes.
MPI rank 6 out of 22 processes.
MPI rank 7 out of 22 processes.
MPI rank 8 out of 22 processes.
MPI rank 10 out of 22 processes.
MPI rank 11 out of 22 processes.
MPI rank 13 out of 22 processes.
MPI rank 14 out of 22 processes.
MPI rank 17 out of 22 processes.
MPI rank 18 out of 22 processes.
MPI rank 21 out of 22 processes.
MPI rank 0 out of 22 processes.
Simulation complete.
Elapsed time: 6.637236 seconds
MPI rank 1 out of 22 processes.
MPI rank 12 out of 22 processes.
MPI rank 20 out of 22 processes.
MPI rank 5 out of 22 processes.
-------------------------------
Running with 24 processes...
MPI rank 3 out of 24 processes.
MPI rank 18 out of 24 processes.
MPI rank 22 out of 24 processes.
MPI rank 2 out of 24 processes.
MPI rank 8 out of 24 processes.
MPI rank 11 out of 24 processes.
MPI rank 12 out of 24 processes.
MPI rank 13 out of 24 processes.
MPI rank 16 out of 24 processes.
MPI rank 20 out of 24 processes.
MPI rank 1 out of 24 processes.
MPI rank 5 out of 24 processes.
MPI rank 6 out of 24 processes.
MPI rank 7 out of 24 processes.
MPI rank 9 out of 24 processes.
MPI rank 10 out of 24 processes.
MPI rank 14 out of 24 processes.
MPI rank 15 out of 24 processes.
MPI rank 17 out of 24 processes.
MPI rank 19 out of 24 processes.
MPI rank 21 out of 24 processes.
MPI rank 23 out of 24 processes.
MPI rank 0 out of 24 processes.
Simulation complete.
Elapsed time: 6.322167 seconds
MPI rank 4 out of 24 processes.
-------------------------------
Running with 26 processes...
MPI rank 13 out of 26 processes.
MPI rank 18 out of 26 processes.
MPI rank 20 out of 26 processes.
MPI rank 24 out of 26 processes.
MPI rank 1 out of 26 processes.
MPI rank 3 out of 26 processes.
MPI rank 4 out of 26 processes.
MPI rank 5 out of 26 processes.
MPI rank 6 out of 26 processes.
MPI rank 7 out of 26 processes.
MPI rank 8 out of 26 processes.
MPI rank 9 out of 26 processes.
MPI rank 11 out of 26 processes.
MPI rank 16 out of 26 processes.
MPI rank 21 out of 26 processes.
MPI rank 22 out of 26 processes.
MPI rank 25 out of 26 processes.
MPI rank 0 out of 26 processes.
Simulation complete.
Elapsed time: 8.878146 seconds
MPI rank 2 out of 26 processes.
MPI rank 10 out of 26 processes.
MPI rank 14 out of 26 processes.
MPI rank 15 out of 26 processes.
MPI rank 17 out of 26 processes.
MPI rank 19 out of 26 processes.
MPI rank 23 out of 26 processes.
MPI rank 12 out of 26 processes.
-------------------------------
Running with 28 processes...
MPI rank 4 out of 28 processes.
MPI rank 6 out of 28 processes.
MPI rank 7 out of 28 processes.
MPI rank 8 out of 28 processes.
MPI rank 14 out of 28 processes.
MPI rank 22 out of 28 processes.
MPI rank 24 out of 28 processes.
MPI rank 26 out of 28 processes.
MPI rank 1 out of 28 processes.
MPI rank 2 out of 28 processes.
MPI rank 3 out of 28 processes.
MPI rank 5 out of 28 processes.
MPI rank 9 out of 28 processes.
MPI rank 10 out of 28 processes.
MPI rank 11 out of 28 processes.
MPI rank 12 out of 28 processes.
MPI rank 13 out of 28 processes.
MPI rank 15 out of 28 processes.
MPI rank 16 out of 28 processes.
MPI rank 17 out of 28 processes.
MPI rank 18 out of 28 processes.
MPI rank 19 out of 28 processes.
MPI rank 20 out of 28 processes.
MPI rank 21 out of 28 processes.
MPI rank 23 out of 28 processes.
MPI rank 25 out of 28 processes.
MPI rank 27 out of 28 processes.
MPI rank 0 out of 28 processes.
Simulation complete.
Elapsed time: 7.648248 seconds
-------------------------------
Running with 30 processes...
MPI rank 24 out of 30 processes.
MPI rank 28 out of 30 processes.
MPI rank 1 out of 30 processes.
MPI rank 2 out of 30 processes.
MPI rank 3 out of 30 processes.
MPI rank 4 out of 30 processes.
MPI rank 5 out of 30 processes.
MPI rank 6 out of 30 processes.
MPI rank 7 out of 30 processes.
MPI rank 8 out of 30 processes.
MPI rank 11 out of 30 processes.
MPI rank 12 out of 30 processes.
MPI rank 13 out of 30 processes.
MPI rank 14 out of 30 processes.
MPI rank 15 out of 30 processes.
MPI rank 17 out of 30 processes.
MPI rank 19 out of 30 processes.
MPI rank 20 out of 30 processes.
MPI rank 23 out of 30 processes.
MPI rank 26 out of 30 processes.
MPI rank 27 out of 30 processes.
MPI rank 9 out of 30 processes.
MPI rank 10 out of 30 processes.
MPI rank 16 out of 30 processes.
MPI rank 18 out of 30 processes.
MPI rank 21 out of 30 processes.
MPI rank 22 out of 30 processes.
MPI rank 25 out of 30 processes.
MPI rank 29 out of 30 processes.
MPI rank 0 out of 30 processes.
Simulation complete.
Elapsed time: 7.769927 seconds
-------------------------------
Running with 32 processes...
srun: Step created for StepId=10025834.15
MPI rank 2 out of 32 processes.
MPI rank 4 out of 32 processes.
MPI rank 5 out of 32 processes.
MPI rank 7 out of 32 processes.
MPI rank 11 out of 32 processes.
MPI rank 13 out of 32 processes.
MPI rank 15 out of 32 processes.
MPI rank 26 out of 32 processes.
MPI rank 28 out of 32 processes.
MPI rank 29 out of 32 processes.
MPI rank 30 out of 32 processes.
MPI rank 31 out of 32 processes.
MPI rank 1 out of 32 processes.
MPI rank 3 out of 32 processes.
MPI rank 6 out of 32 processes.
MPI rank 8 out of 32 processes.
MPI rank 9 out of 32 processes.
MPI rank 10 out of 32 processes.
MPI rank 12 out of 32 processes.
MPI rank 14 out of 32 processes.
MPI rank 16 out of 32 processes.
MPI rank 17 out of 32 processes.
MPI rank 18 out of 32 processes.
MPI rank 19 out of 32 processes.
MPI rank 20 out of 32 processes.
MPI rank 22 out of 32 processes.
MPI rank 23 out of 32 processes.
MPI rank 24 out of 32 processes.
MPI rank 25 out of 32 processes.
MPI rank 27 out of 32 processes.
MPI rank 21 out of 32 processes.
MPI rank 0 out of 32 processes.
Simulation complete.
Elapsed time: 6.346975 seconds
-------------------------------
Elapsed time: 166.603783 seconds
