Running with 2 processes...
MPI rank 1 out of 2 processes bb.
MPI rank 0 out of 2 processes bb.
Simulation complete.
Simulation complete. Total time: 0.375145 seconds
-------------------------------
Running with 4 processes...
MPI rank 1 out of 4 processes bb.
MPI rank 3 out of 4 processes bb.
MPI rank 0 out of 4 processes bb.
Simulation complete.
Simulation complete. Total time: 0.340984 seconds
MPI rank 2 out of 4 processes bb.
-------------------------------
Running with 6 processes...
MPI rank 1 out of 6 processes bb.
MPI rank 2 out of 6 processes bb.
MPI rank 3 out of 6 processes bb.
MPI rank 5 out of 6 processes bb.
MPI rank 0 out of 6 processes bb.
Simulation complete.
Simulation complete. Total time: 0.286463 seconds
MPI rank 4 out of 6 processes bb.
-------------------------------
Running with 8 processes...
MPI rank 1 out of 8 processes bb.
MPI rank 2 out of 8 processes bb.
MPI rank 4 out of 8 processes bb.
MPI rank 5 out of 8 processes bb.
MPI rank 7 out of 8 processes bb.
MPI rank 0 out of 8 processes bb.
Simulation complete.
Simulation complete. Total time: 0.336919 seconds
MPI rank 6 out of 8 processes bb.
MPI rank 3 out of 8 processes bb.
-------------------------------
Running with 10 processes...
MPI rank 1 out of 10 processes bb.
MPI rank 2 out of 10 processes bb.
MPI rank 4 out of 10 processes bb.
MPI rank 5 out of 10 processes bb.
MPI rank 6 out of 10 processes bb.
MPI rank 7 out of 10 processes bb.
MPI rank 8 out of 10 processes bb.
MPI rank 9 out of 10 processes bb.
MPI rank 0 out of 10 processes bb.
Simulation complete.
Simulation complete. Total time: 0.304556 seconds
MPI rank 3 out of 10 processes bb.
-------------------------------
Running with 12 processes...
MPI rank 1 out of 12 processes bb.
MPI rank 2 out of 12 processes bb.
MPI rank 4 out of 12 processes bb.
MPI rank 9 out of 12 processes bb.
MPI rank 11 out of 12 processes bb.
MPI rank 3 out of 12 processes bb.
MPI rank 5 out of 12 processes bb.
MPI rank 6 out of 12 processes bb.
MPI rank 7 out of 12 processes bb.
MPI rank 8 out of 12 processes bb.
MPI rank 10 out of 12 processes bb.
MPI rank 0 out of 12 processes bb.
Simulation complete.
Simulation complete. Total time: 0.303978 seconds
-------------------------------
Running with 14 processes...
MPI rank 6 out of 14 processes bb.
MPI rank 7 out of 14 processes bb.
MPI rank 13 out of 14 processes bb.
MPI rank 1 out of 14 processes bb.
MPI rank 2 out of 14 processes bb.
MPI rank 3 out of 14 processes bb.
MPI rank 5 out of 14 processes bb.
MPI rank 8 out of 14 processes bb.
MPI rank 9 out of 14 processes bb.
MPI rank 10 out of 14 processes bb.
MPI rank 11 out of 14 processes bb.
MPI rank 12 out of 14 processes bb.
MPI rank 4 out of 14 processes bb.
MPI rank 0 out of 14 processes bb.
Simulation complete.
Simulation complete. Total time: 0.298379 seconds
-------------------------------
Running with 16 processes...
MPI rank 2 out of 16 processes bb.
MPI rank 3 out of 16 processes bb.
MPI rank 4 out of 16 processes bb.
MPI rank 6 out of 16 processes bb.
MPI rank 7 out of 16 processes bb.
MPI rank 8 out of 16 processes bb.
MPI rank 9 out of 16 processes bb.
MPI rank 10 out of 16 processes bb.
MPI rank 12 out of 16 processes bb.
MPI rank 13 out of 16 processes bb.
MPI rank 15 out of 16 processes bb.
MPI rank 1 out of 16 processes bb.
MPI rank 5 out of 16 processes bb.
MPI rank 11 out of 16 processes bb.
MPI rank 14 out of 16 processes bb.
MPI rank 0 out of 16 processes bb.
Simulation complete.
Simulation complete. Total time: 0.307919 seconds
-------------------------------
Running with 18 processes...
MPI rank 2 out of 18 processes bb.
MPI rank 3 out of 18 processes bb.
MPI rank 4 out of 18 processes bb.
MPI rank 5 out of 18 processes bb.
MPI rank 6 out of 18 processes bb.
MPI rank 7 out of 18 processes bb.
MPI rank 8 out of 18 processes bb.
MPI rank 9 out of 18 processes bb.
MPI rank 10 out of 18 processes bb.
MPI rank 11 out of 18 processes bb.
MPI rank 12 out of 18 processes bb.
MPI rank 13 out of 18 processes bb.
MPI rank 15 out of 18 processes bb.
MPI rank 16 out of 18 processes bb.
MPI rank 17 out of 18 processes bb.
MPI rank 1 out of 18 processes bb.
MPI rank 14 out of 18 processes bb.
MPI rank 0 out of 18 processes bb.
Simulation complete.
Simulation complete. Total time: 0.315343 seconds
-------------------------------
Running with 20 processes...
MPI rank 3 out of 20 processes bb.
MPI rank 8 out of 20 processes bb.
MPI rank 9 out of 20 processes bb.
MPI rank 12 out of 20 processes bb.
MPI rank 14 out of 20 processes bb.
MPI rank 19 out of 20 processes bb.
MPI rank 1 out of 20 processes bb.
MPI rank 2 out of 20 processes bb.
MPI rank 4 out of 20 processes bb.
MPI rank 5 out of 20 processes bb.
MPI rank 6 out of 20 processes bb.
MPI rank 7 out of 20 processes bb.
MPI rank 10 out of 20 processes bb.
MPI rank 11 out of 20 processes bb.
MPI rank 13 out of 20 processes bb.
MPI rank 15 out of 20 processes bb.
MPI rank 16 out of 20 processes bb.
MPI rank 17 out of 20 processes bb.
MPI rank 18 out of 20 processes bb.
MPI rank 0 out of 20 processes bb.
Simulation complete.
Simulation complete. Total time: 0.302134 seconds
-------------------------------
Running with 22 processes...
MPI rank 21 out of 22 processes bb.
MPI rank 1 out of 22 processes bb.
MPI rank 2 out of 22 processes bb.
MPI rank 3 out of 22 processes bb.
MPI rank 4 out of 22 processes bb.
MPI rank 5 out of 22 processes bb.
MPI rank 6 out of 22 processes bb.
MPI rank 7 out of 22 processes bb.
MPI rank 8 out of 22 processes bb.
MPI rank 9 out of 22 processes bb.
MPI rank 10 out of 22 processes bb.
MPI rank 11 out of 22 processes bb.
MPI rank 12 out of 22 processes bb.
MPI rank 13 out of 22 processes bb.
MPI rank 14 out of 22 processes bb.
MPI rank 15 out of 22 processes bb.
MPI rank 16 out of 22 processes bb.
MPI rank 17 out of 22 processes bb.
MPI rank 18 out of 22 processes bb.
MPI rank 19 out of 22 processes bb.
MPI rank 20 out of 22 processes bb.
MPI rank 0 out of 22 processes bb.
Simulation complete.
Simulation complete. Total time: 0.299446 seconds
-------------------------------
Running with 24 processes...
MPI rank 7 out of 24 processes bb.
MPI rank 11 out of 24 processes bb.
MPI rank 15 out of 24 processes bb.
MPI rank 16 out of 24 processes bb.
MPI rank 17 out of 24 processes bb.
MPI rank 18 out of 24 processes bb.
MPI rank 19 out of 24 processes bb.
MPI rank 20 out of 24 processes bb.
MPI rank 23 out of 24 processes bb.
MPI rank 1 out of 24 processes bb.
MPI rank 2 out of 24 processes bb.
MPI rank 3 out of 24 processes bb.
MPI rank 4 out of 24 processes bb.
MPI rank 5 out of 24 processes bb.
MPI rank 6 out of 24 processes bb.
MPI rank 8 out of 24 processes bb.
MPI rank 9 out of 24 processes bb.
MPI rank 10 out of 24 processes bb.
MPI rank 12 out of 24 processes bb.
MPI rank 13 out of 24 processes bb.
MPI rank 14 out of 24 processes bb.
MPI rank 21 out of 24 processes bb.
MPI rank 22 out of 24 processes bb.
MPI rank 0 out of 24 processes bb.
Simulation complete.
Simulation complete. Total time: 0.320297 seconds
-------------------------------
Running with 26 processes...
MPI rank 2 out of 26 processes bb.
MPI rank 17 out of 26 processes bb.
MPI rank 1 out of 26 processes bb.
MPI rank 3 out of 26 processes bb.
MPI rank 4 out of 26 processes bb.
MPI rank 5 out of 26 processes bb.
MPI rank 6 out of 26 processes bb.
MPI rank 7 out of 26 processes bb.
MPI rank 8 out of 26 processes bb.
MPI rank 9 out of 26 processes bb.
MPI rank 10 out of 26 processes bb.
MPI rank 11 out of 26 processes bb.
MPI rank 12 out of 26 processes bb.
MPI rank 13 out of 26 processes bb.
MPI rank 14 out of 26 processes bb.
MPI rank 15 out of 26 processes bb.
MPI rank 16 out of 26 processes bb.
MPI rank 18 out of 26 processes bb.
MPI rank 19 out of 26 processes bb.
MPI rank 20 out of 26 processes bb.
MPI rank 21 out of 26 processes bb.
MPI rank 22 out of 26 processes bb.
MPI rank 23 out of 26 processes bb.
MPI rank 24 out of 26 processes bb.
MPI rank 25 out of 26 processes bb.
MPI rank 0 out of 26 processes bb.
Simulation complete.
Simulation complete. Total time: 0.325954 seconds
-------------------------------
Running with 28 processes...
MPI rank 2 out of 28 processes bb.
MPI rank 3 out of 28 processes bb.
MPI rank 4 out of 28 processes bb.
MPI rank 5 out of 28 processes bb.
MPI rank 6 out of 28 processes bb.
MPI rank 7 out of 28 processes bb.
MPI rank 9 out of 28 processes bb.
MPI rank 11 out of 28 processes bb.
MPI rank 12 out of 28 processes bb.
MPI rank 13 out of 28 processes bb.
MPI rank 14 out of 28 processes bb.
MPI rank 15 out of 28 processes bb.
MPI rank 16 out of 28 processes bb.
MPI rank 17 out of 28 processes bb.
MPI rank 19 out of 28 processes bb.
MPI rank 20 out of 28 processes bb.
MPI rank 21 out of 28 processes bb.
MPI rank 22 out of 28 processes bb.
MPI rank 23 out of 28 processes bb.
MPI rank 25 out of 28 processes bb.
MPI rank 26 out of 28 processes bb.
MPI rank 27 out of 28 processes bb.
MPI rank 1 out of 28 processes bb.
MPI rank 8 out of 28 processes bb.
MPI rank 10 out of 28 processes bb.
MPI rank 18 out of 28 processes bb.
MPI rank 24 out of 28 processes bb.
MPI rank 0 out of 28 processes bb.
Simulation complete.
Simulation complete. Total time: 0.317972 seconds
-------------------------------
Running with 30 processes...
MPI rank 2 out of 30 processes bb.
MPI rank 3 out of 30 processes bb.
MPI rank 10 out of 30 processes bb.
MPI rank 13 out of 30 processes bb.
MPI rank 15 out of 30 processes bb.
MPI rank 16 out of 30 processes bb.
MPI rank 19 out of 30 processes bb.
MPI rank 1 out of 30 processes bb.
MPI rank 4 out of 30 processes bb.
MPI rank 5 out of 30 processes bb.
MPI rank 6 out of 30 processes bb.
MPI rank 7 out of 30 processes bb.
MPI rank 8 out of 30 processes bb.
MPI rank 9 out of 30 processes bb.
MPI rank 11 out of 30 processes bb.
MPI rank 12 out of 30 processes bb.
MPI rank 14 out of 30 processes bb.
MPI rank 17 out of 30 processes bb.
MPI rank 18 out of 30 processes bb.
MPI rank 20 out of 30 processes bb.
MPI rank 21 out of 30 processes bb.
MPI rank 22 out of 30 processes bb.
MPI rank 23 out of 30 processes bb.
MPI rank 24 out of 30 processes bb.
MPI rank 25 out of 30 processes bb.
MPI rank 26 out of 30 processes bb.
MPI rank 27 out of 30 processes bb.
MPI rank 28 out of 30 processes bb.
MPI rank 29 out of 30 processes bb.
MPI rank 0 out of 30 processes bb.
Simulation complete.
Simulation complete. Total time: 0.315764 seconds
-------------------------------
Running with 32 processes...
MPI rank 9 out of 32 processes bb.
MPI rank 10 out of 32 processes bb.
MPI rank 11 out of 32 processes bb.
MPI rank 12 out of 32 processes bb.
MPI rank 13 out of 32 processes bb.
MPI rank 14 out of 32 processes bb.
MPI rank 15 out of 32 processes bb.
MPI rank 16 out of 32 processes bb.
MPI rank 17 out of 32 processes bb.
MPI rank 18 out of 32 processes bb.
MPI rank 19 out of 32 processes bb.
MPI rank 28 out of 32 processes bb.
MPI rank 31 out of 32 processes bb.
MPI rank 1 out of 32 processes bb.
MPI rank 2 out of 32 processes bb.
MPI rank 3 out of 32 processes bb.
MPI rank 4 out of 32 processes bb.
MPI rank 5 out of 32 processes bb.
MPI rank 6 out of 32 processes bb.
MPI rank 7 out of 32 processes bb.
MPI rank 8 out of 32 processes bb.
MPI rank 20 out of 32 processes bb.
MPI rank 21 out of 32 processes bb.
MPI rank 22 out of 32 processes bb.
MPI rank 23 out of 32 processes bb.
MPI rank 24 out of 32 processes bb.
MPI rank 25 out of 32 processes bb.
MPI rank 26 out of 32 processes bb.
MPI rank 27 out of 32 processes bb.
MPI rank 29 out of 32 processes bb.
MPI rank 30 out of 32 processes bb.
MPI rank 0 out of 32 processes bb.
Simulation complete.
Simulation complete. Total time: 0.345788 seconds
-------------------------------
MPI rank 0 out of 1 processes.
Simulation complete.
Elapsed time: 0.361084 seconds
