
Lmod is automatically replacing "cpeGNU/23.12" with "PrgEnv-gnu/8.5.0".


Lmod is automatically replacing "cce/17.0.0" with "gcc-native/12.3".


Lmod is automatically replacing "PrgEnv-cray/8.5.0" with "cpeGNU/23.12".


Due to MODULEPATH changes, the following have been reloaded:
  1) cray-libsci/23.12.5     2) cray-mpich/8.1.28

MPI rank 2 out of 32 processes bb.
MPI rank 4 out of 32 processes bb.
MPI rank 5 out of 32 processes bb.
MPI rank 6 out of 32 processes bb.
MPI rank 7 out of 32 processes bb.
MPI rank 9 out of 32 processes bb.
MPI rank 10 out of 32 processes bb.
MPI rank 11 out of 32 processes bb.
MPI rank 12 out of 32 processes bb.
MPI rank 13 out of 32 processes bb.
MPI rank 15 out of 32 processes bb.
MPI rank 18 out of 32 processes bb.
MPI rank 19 out of 32 processes bb.
MPI rank 24 out of 32 processes bb.
MPI rank 25 out of 32 processes bb.
MPI rank 26 out of 32 processes bb.
MPI rank 27 out of 32 processes bb.
MPI rank 29 out of 32 processes bb.
MPI rank 1 out of 32 processes bb.
MPI rank 3 out of 32 processes bb.
MPI rank 8 out of 32 processes bb.
MPI rank 14 out of 32 processes bb.
MPI rank 16 out of 32 processes bb.
MPI rank 17 out of 32 processes bb.
MPI rank 20 out of 32 processes bb.
MPI rank 21 out of 32 processes bb.
MPI rank 22 out of 32 processes bb.
MPI rank 23 out of 32 processes bb.
MPI rank 28 out of 32 processes bb.
MPI rank 30 out of 32 processes bb.
MPI rank 31 out of 32 processes bb.
MPI rank 0 out of 32 processes bb.
Simulation complete.
Simulation complete. Total time: 25.498476 seconds
MPI rank 9 out of 32 processes bb.
MPI rank 13 out of 32 processes bb.
MPI rank 15 out of 32 processes bb.
MPI rank 16 out of 32 processes bb.
MPI rank 18 out of 32 processes bb.
MPI rank 1 out of 32 processes bb.
MPI rank 2 out of 32 processes bb.
MPI rank 3 out of 32 processes bb.
MPI rank 4 out of 32 processes bb.
MPI rank 5 out of 32 processes bb.
MPI rank 6 out of 32 processes bb.
MPI rank 7 out of 32 processes bb.
MPI rank 8 out of 32 processes bb.
MPI rank 10 out of 32 processes bb.
MPI rank 11 out of 32 processes bb.
MPI rank 12 out of 32 processes bb.
MPI rank 14 out of 32 processes bb.
MPI rank 17 out of 32 processes bb.
MPI rank 19 out of 32 processes bb.
MPI rank 20 out of 32 processes bb.
MPI rank 21 out of 32 processes bb.
MPI rank 22 out of 32 processes bb.
MPI rank 24 out of 32 processes bb.
MPI rank 25 out of 32 processes bb.
MPI rank 26 out of 32 processes bb.
MPI rank 28 out of 32 processes bb.
MPI rank 29 out of 32 processes bb.
MPI rank 30 out of 32 processes bb.
MPI rank 31 out of 32 processes bb.
MPI rank 23 out of 32 processes bb.
MPI rank 27 out of 32 processes bb.
MPI rank 0 out of 32 processes bb.
Simulation complete.
Simulation complete. Total time: 25.521265 seconds
